<?xml version="1.0" encoding="UTF-8"?>
<testng-results ignored="0" total="3" passed="3" failed="0" skipped="0">
  <reporter-output>
  </reporter-output>
  <suite started-at="2024-03-25T12:23:46 GMT" name="Suitefile" finished-at="2024-03-25T12:23:46 GMT" duration-ms="72">
    <groups>
    </groups>
    <test started-at="2024-03-25T12:23:46 GMT" name="Test" finished-at="2024-03-25T12:23:46 GMT" duration-ms="72">
      <class name="Suitfile.Test2">
        <test-method is-config="true" signature="method5()[pri:0, instance:Suitfile.Test2@a3d8174]" started-at="2024-03-25T12:23:46 GMT" name="method5" finished-at="2024-03-25T12:23:46 GMT" duration-ms="38" status="PASS">
          <reporter-output>
          </reporter-output>
        </test-method> <!-- method5 -->
        <test-method is-config="true" signature="method3()[pri:0, instance:Suitfile.Test2@a3d8174]" started-at="2024-03-25T12:23:46 GMT" name="method3" finished-at="2024-03-25T12:23:46 GMT" duration-ms="0" status="PASS">
          <reporter-output>
          </reporter-output>
        </test-method> <!-- method3 -->
        <test-method signature="two()[pri:1, instance:Suitfile.Test2@a3d8174]" started-at="2024-03-25T12:23:46 GMT" name="two" finished-at="2024-03-25T12:23:46 GMT" duration-ms="0" status="PASS">
          <reporter-output>
          </reporter-output>
        </test-method> <!-- two -->
        <test-method is-config="true" signature="method4()[pri:0, instance:Suitfile.Test2@a3d8174]" started-at="2024-03-25T12:23:46 GMT" name="method4" finished-at="2024-03-25T12:23:46 GMT" duration-ms="0" status="PASS">
          <reporter-output>
          </reporter-output>
        </test-method> <!-- method4 -->
        <test-method is-config="true" signature="method6()[pri:0, instance:Suitfile.Test2@a3d8174]" started-at="2024-03-25T12:23:46 GMT" name="method6" finished-at="2024-03-25T12:23:46 GMT" duration-ms="1" status="PASS">
          <reporter-output>
          </reporter-output>
        </test-method> <!-- method6 -->
      </class> <!-- Suitfile.Test2 -->
      <class name="Suitfile.Test1">
        <test-method is-config="true" signature="method3()[pri:0, instance:Suitfile.Test1@1eb5174b]" started-at="2024-03-25T12:23:46 GMT" name="method3" finished-at="2024-03-25T12:23:46 GMT" duration-ms="1" status="PASS">
          <reporter-output>
          </reporter-output>
        </test-method> <!-- method3 -->
        <test-method is-config="true" signature="method5()[pri:0, instance:Suitfile.Test1@1eb5174b]" started-at="2024-03-25T12:23:46 GMT" name="method5" finished-at="2024-03-25T12:23:46 GMT" duration-ms="1" status="PASS">
          <reporter-output>
          </reporter-output>
        </test-method> <!-- method5 -->
        <test-method is-config="true" signature="method1()[pri:0, instance:Suitfile.Test1@1eb5174b]" started-at="2024-03-25T12:23:46 GMT" name="method1" finished-at="2024-03-25T12:23:46 GMT" duration-ms="1" status="PASS">
          <reporter-output>
          </reporter-output>
        </test-method> <!-- method1 -->
        <test-method signature="one()[pri:1, instance:Suitfile.Test1@1eb5174b]" started-at="2024-03-25T12:23:46 GMT" name="one" finished-at="2024-03-25T12:23:46 GMT" duration-ms="2" status="PASS">
          <reporter-output>
          </reporter-output>
        </test-method> <!-- one -->
        <test-method is-config="true" signature="method2()[pri:0, instance:Suitfile.Test1@1eb5174b]" started-at="2024-03-25T12:23:46 GMT" name="method2" finished-at="2024-03-25T12:23:46 GMT" duration-ms="1" status="PASS">
          <reporter-output>
          </reporter-output>
        </test-method> <!-- method2 -->
        <test-method is-config="true" signature="method1()[pri:0, instance:Suitfile.Test1@1eb5174b]" started-at="2024-03-25T12:23:46 GMT" name="method1" finished-at="2024-03-25T12:23:46 GMT" duration-ms="1" status="PASS">
          <reporter-output>
          </reporter-output>
        </test-method> <!-- method1 -->
        <test-method signature="two()[pri:2, instance:Suitfile.Test1@1eb5174b]" started-at="2024-03-25T12:23:46 GMT" name="two" finished-at="2024-03-25T12:23:46 GMT" duration-ms="1" status="PASS">
          <reporter-output>
          </reporter-output>
        </test-method> <!-- two -->
        <test-method is-config="true" signature="method2()[pri:0, instance:Suitfile.Test1@1eb5174b]" started-at="2024-03-25T12:23:46 GMT" name="method2" finished-at="2024-03-25T12:23:46 GMT" duration-ms="1" status="PASS">
          <reporter-output>
          </reporter-output>
        </test-method> <!-- method2 -->
        <test-method is-config="true" signature="method6()[pri:0, instance:Suitfile.Test1@1eb5174b]" started-at="2024-03-25T12:23:46 GMT" name="method6" finished-at="2024-03-25T12:23:46 GMT" duration-ms="1" status="PASS">
          <reporter-output>
          </reporter-output>
        </test-method> <!-- method6 -->
        <test-method is-config="true" signature="method4()[pri:0, instance:Suitfile.Test1@1eb5174b]" started-at="2024-03-25T12:23:46 GMT" name="method4" finished-at="2024-03-25T12:23:46 GMT" duration-ms="1" status="PASS">
          <reporter-output>
          </reporter-output>
        </test-method> <!-- method4 -->
      </class> <!-- Suitfile.Test1 -->
    </test> <!-- Test -->
  </suite> <!-- Suitefile -->
</testng-results>
